<?xml version="1.0" encoding="UTF-8"?>
<!-- Generated by org.testng.reporters.JUnitReportReporter -->
<testsuite hostname="AsmaJavaid" failures="0" tests="1" name="project.Goodmorning" time="0.021" errors="0" timestamp="2022-12-08T16:27:30 EST" skipped="0">
  <testcase classname="project.Goodmorning" name="Google" time="0.021"/>
  <system-out/>
</testsuite> <!-- project.Goodmorning -->
